<?xml version="1.0" encoding="utf-8"?><testsuites><testsuite name="pytest" errors="0" failures="1" skipped="0" tests="13" time="0.308" timestamp="2022-03-24T17:07:42.076880" hostname="Mikasa"><testcase classname="tests.test_game" name="test_my_game" time="0.004" /><testcase classname="tests.test_game" name="test_when_game_received_one_then_should_be_return_one" time="0.001" /><testcase classname="tests.test_game" name="test_when_game_received_two_then_should_be_return_two" time="0.001" /><testcase classname="tests.test_game" name="test_when_game_received_return_two_then_shoul_be_return_two" time="0.001" /><testcase classname="tests.test_game" name="test_when_game_received_three_then_shoul_be_return_cheese" time="0.002" /><testcase classname="tests.test_game" name="test_when_game_received_five_then_shoul_be_return_guava" time="0.001" /><testcase classname="tests.test_game" name="test_when_game_received_five_then_shoul_be_return_Romeo_and_Juliet" time="0.004"><failure message="AssertionError: assert 'guava' == 'Romeo and Juliet'&#10;  - Romeo and Juliet&#10;  + guava">def test_when_game_received_five_then_shoul_be_return_Romeo_and_Juliet() -&gt; None:
&gt;       assert game(5) == 'Romeo and Juliet'
E       AssertionError: assert 'guava' == 'Romeo and Juliet'
E         - Romeo and Juliet
E         + guava

tests\test_game.py:43: AssertionError</failure></testcase><testcase classname="tests.test_pytest" name="test_meu_primeiro_teste" time="0.001" /><testcase classname="tests.test_pytest" name="test_meu_segundo_teste" time="0.001" /><testcase classname="tests.test_pytest" name="test_meu_terceiro_teste" time="0.001" /><testcase classname="tests.test_pytest" name="test_meu_quarto_teste" time="0.001" /><testcase classname="tests.test_pytest" name="test_meu_quinto_teste" time="0.002" /><testcase classname="tests.test_pytest" name="test_meu_sexto_teste" time="0.001" /></testsuite></testsuites>
